#2018-07-07
	1、分页
		说：不能分页，分页默认是GET提交，searchModel是用post接收的，而且接收参数不对
		答：要么换成GET方式接收正确的参数，要么重写GridView，最后还要修改gii
	2、上传插件优化
		说：目前写的两种上传插件都存在问题，主要是ajax上传，事件触发直接使用的标签属性且参数凌乱，同时不支持选择一次性选择多个文件，还有最大的优化问题就是大文件上传，针对该问题需要改成断点续传、切块上传的方式。
		答： 在所有功能都完善之后再处理该问题
	3、权限管理优化
		说：目前修改权限的时候是删除之前的权限在重新插入，这种方式不好
		答： 多看几个高手写的，是否完成修改的时候把新的和旧的比较，不同的地方就插入或者删除
	4、文章优化
		说： cms最重要的是图片处理，因此需要裁剪图片
		答： 对于该功能会给出两种方案，第一就是系统参数配置裁剪比例，裁剪完成应该有三张图片，分别是原图，中等比列图、小图既是缩略图；第二就是使用js插件在线裁剪，这个只会生成原图，和裁剪过后的图片。
	5、未完成的功能
		说： banner图管理、广告管理
	    答： 7、8号完成

#2019-01-09
	1、裁剪、水印
		说：cms系统文章处理图片裁剪和水印都是必须的呀！
		答：好的啦，jcycms准备采用在线配置的方式，让使用者自己决定是否发布文章时对封面、内容图片进行裁剪、水印
	2、数据备份、还原
		说：看看公司以前的系统、一些开源的系统都有数据备份、还原的功能
		答：好的啦，jiechengyang准备参照phpmyadmin做，其实数据备份用到的知识点早在我之前的一篇博客就写过了。
	3、套模板
		说：闲人啊，三套前端模板什么时候弄啊！
		答：尽快跟上、尽快跟上
	4、后台首次加载缓慢，静态资源请求慢哦！
		说：大哥，这么影响系统用户体验的东西不处理吗？
		答：哎呀，这问题用cdn的嘛，要钱的事，再等等 看看有木有免费开源的
	5、项目矿建目录太乱
		说：你这目录到处都是message啊。。。。。
		答：开发初期，正是学习yii2前期，目录确实有问题，后期会优化
#2019-02-25
	1、图片防盗链（要从服务器和前端解决）
	2、文章安全设置（设置密码）
#2019-03-29
	1、修改前端的点击排行